--- Copying files at Fri Nov  8 18:01:04 UTC 2019
/usr/share/maven/ref/settings-docker.xml
 /usr/share/maven/ref/settings-docker.xml -> settings-docker.xml
copy settings-docker.xml to /root/.m2
--- Copying files at Fri Nov  8 18:01:58 UTC 2019
/usr/share/maven/ref/settings-docker.xml
 /usr/share/maven/ref/settings-docker.xml -> settings-docker.xml
--- Copying files at Fri Nov  8 18:09:59 UTC 2019
/usr/share/maven/ref/settings-docker.xml
 /usr/share/maven/ref/settings-docker.xml -> settings-docker.xml
--- Copying files at Fri Nov  8 18:56:02 UTC 2019
/usr/share/maven/ref/settings-docker.xml
 /usr/share/maven/ref/settings-docker.xml -> settings-docker.xml
--- Copying files at Fri Nov  8 18:56:37 UTC 2019
/usr/share/maven/ref/settings-docker.xml
 /usr/share/maven/ref/settings-docker.xml -> settings-docker.xml
--- Copying files at Fri Nov  8 18:57:54 UTC 2019
/usr/share/maven/ref/settings-docker.xml
 /usr/share/maven/ref/settings-docker.xml -> settings-docker.xml
--- Copying files at Sat Nov  9 11:43:57 UTC 2019
/usr/share/maven/ref/settings-docker.xml
 /usr/share/maven/ref/settings-docker.xml -> settings-docker.xml
--- Copying files at Sat Nov  9 15:26:12 UTC 2019
/usr/share/maven/ref/settings-docker.xml
 /usr/share/maven/ref/settings-docker.xml -> settings-docker.xml
--- Copying files at Sat Nov  9 15:29:28 UTC 2019
/usr/share/maven/ref/settings-docker.xml
 /usr/share/maven/ref/settings-docker.xml -> settings-docker.xml
--- Copying files at Sat Nov  9 15:29:56 UTC 2019
/usr/share/maven/ref/settings-docker.xml
 /usr/share/maven/ref/settings-docker.xml -> settings-docker.xml
--- Copying files at Sat Nov  9 15:50:26 UTC 2019
/usr/share/maven/ref/settings-docker.xml
 /usr/share/maven/ref/settings-docker.xml -> settings-docker.xml
--- Copying files at Sat Nov  9 15:53:33 UTC 2019
/usr/share/maven/ref/settings-docker.xml
 /usr/share/maven/ref/settings-docker.xml -> settings-docker.xml
--- Copying files at Sat Nov  9 15:53:41 UTC 2019
/usr/share/maven/ref/settings-docker.xml
 /usr/share/maven/ref/settings-docker.xml -> settings-docker.xml
--- Copying files at Sat Nov  9 18:54:08 UTC 2019
/usr/share/maven/ref/settings-docker.xml
 /usr/share/maven/ref/settings-docker.xml -> settings-docker.xml
--- Copying files at Sat Nov  9 18:54:34 UTC 2019
/usr/share/maven/ref/settings-docker.xml
 /usr/share/maven/ref/settings-docker.xml -> settings-docker.xml
--- Copying files at Sat Nov  9 18:58:24 UTC 2019
/usr/share/maven/ref/settings-docker.xml
 /usr/share/maven/ref/settings-docker.xml -> settings-docker.xml
